[0.000000] (-) TimerEvent: {}
[0.000329] (my_package) JobQueued: {'identifier': 'my_package', 'dependencies': OrderedDict()}
[0.000412] (my_package) JobStarted: {'identifier': 'my_package'}
[0.099162] (-) TimerEvent: {}
[0.199606] (-) TimerEvent: {}
[0.300053] (-) TimerEvent: {}
[0.361166] (my_package) Command: {'cmd': ['/usr/bin/python3', '-W', 'ignore:setup.py install is deprecated', '-W', 'ignore:easy_install command is deprecated', 'setup.py', 'develop', '--editable', '--build-directory', '/home/aaa/myros/assignment2/build/my_package/build', '--no-deps', 'symlink_data'], 'cwd': '/home/aaa/myros/assignment2/build/my_package', 'env': {'MAIL': '/var/spool/mail/aaa', 'USER': 'aaa', 'SDKMAN_OLD_PWD': '/home/aaa/myros/assignment2', 'HOSTNAME': 'Arch-test', 'XDG_SESSION_TYPE': 'wayland', 'XDG_CACHE_HOME': '/home/aaa/.cache', 'SHLVL': '4', 'LD_LIBRARY_PATH': '/opt/ros/humble/opt/rviz_ogre_vendor/lib:/opt/ros/humble/lib/x86_64-linux-gnu:/opt/ros/humble/lib', 'MOTD_SHOWN': 'pam', 'HOME': '/home/aaa', 'OLDPWD': '/home/aaa/myros/assignment2/src', 'DESKTOP_SESSION': 'gnome', 'ROS_PYTHON_VERSION': '3', 'GRADLE_HOME': '/usr/share/java/gradle', 'PS1': '[\\u@\\h \\W]\\$', 'MANAGERPID': '1735', 'DISTROBOX_ENTER_PATH': '/bin/distrobox-enter', 'SYSTEMD_EXEC_PID': '1943', 'XDG_STATE_HOME': '/home/aaa/.local/state', 'DBUS_SESSION_BUS_ADDRESS': 'unix:path=/run/user/1000/bus', 'COLORTERM': 'truecolor', 'container': 'podman', 'TERMINATOR_DBUS_NAME': 'net.tenshu.Terminator25ef4b219e3b005583550f2b0f9f990c3', 'GIO_LAUNCHED_DESKTOP_FILE_PID': '153452', 'GNOME_KEYRING_CONTROL': '/run/user/1000/keyring', 'WAYLAND_DISPLAY': 'wayland-0', 'COLCON_PREFIX_PATH': '/home/aaa/myros/assignment3/install', 'ROS_DISTRO': 'humble', 'LOGNAME': 'aaa', 'SDKMAN_CANDIDATES_API': 'https://api.sdkman.io/2', 'JOURNAL_STREAM': '9:8924', '_': '/bin/colcon', 'ROS_VERSION': '2', 'MEMORY_PRESSURE_WATCH': '/sys/fs/cgroup/user.slice/user-1000.slice/user@1000.service/session.slice/org.gnome.SettingsDaemon.MediaKeys.service/memory.pressure', 'XDG_SESSION_CLASS': 'user', 'TERMINFO_DIRS': '/usr/share/terminfo:/run/host/usr/share/terminfo', 'USERNAME': 'aaa', 'TERM': 'xterm-256color', 'ROS_LOCALHOST_ONLY': '0', 'PATH': '/bin:/usr/lib/jvm/java-23-openjdk/bin:/home/aaa/.local/bin:/opt/ros/humble/bin:/bin:/usr/lib/jvm/java-23-openjdk/bin:/home/aaa/.local/bin:/home/aaa/.sdkman/candidates/java/current/bin:/bin:/usr/lib/jvm/java-23-openjdk/bin:/home/aaa/.local/bin:/home/aaa/.cargo/bin:/usr/local/bin:/usr/bin:/var/lib/snapd/snap/bin:/usr/local/sbin:/var/lib/flatpak/exports/bin:/usr/lib/jvm/default/bin:/usr/bin/site_perl:/usr/bin/vendor_perl:/usr/bin/core_perl:/home/aaa/Downloads/flutter/bin:/home/aaa/android-studio/bin:/opt:/usr/local/sbin:/usr/local/bin:/usr/sbin:/usr/bin:/sbin:/bin:/usr/sbin:/sbin:/home/aaa/Downloads/flutter/bin:/home/aaa/android-studio/bin:/opt:/home/aaa/Downloads/flutter/bin:/home/aaa/android-studio/bin:/opt', 'SESSION_MANAGER': 'local/Arch-test:@/tmp/.ICE-unix/1822,unix/Arch-test:/tmp/.ICE-unix/1822', 'SDKMAN_CANDIDATES_DIR': '/home/aaa/.sdkman/candidates', 'GDM_LANG': 'ko_KR.UTF-8', 'INVOCATION_ID': 'c6e49bb786c143508effb46835e7d008', 'XDG_MENU_PREFIX': 'gnome-', 'GNOME_SETUP_DISPLAY': ':1', 'XDG_RUNTIME_DIR': '/run/user/1000', 'DISPLAY': ':0', 'TERMINATOR_DBUS_PATH': '/net/tenshu/Terminator2', 'LANG': 'ko_KR.UTF-8', 'XDG_CURRENT_DESKTOP': 'GNOME', 'XDG_DATA_HOME': '/home/aaa/.local/share', 'XDG_CONFIG_HOME': '/home/aaa/.config', 'XMODIFIERS': '@im=ibus', 'XDG_SESSION_DESKTOP': 'gnome', 'XAUTHORITY': '/run/user/1000/.mutter-Xwaylandauth.G0YW02', 'SDKMAN_DIR': '/home/aaa/.sdkman', 'SDKMAN_PLATFORM': 'linuxx64', 'AMENT_PREFIX_PATH': '/home/aaa/myros/assignment3/install/cpp_pubsub:/opt/ros/humble', 'SHELL': '/usr/bin/bash', 'TERMINATOR_UUID': 'urn:uuid:4065bbe0-7c9a-43f7-abb7-bbbebd8cd2a2', 'GDMSESSION': 'gnome', 'QT_IM_MODULE': 'ibus', 'JAVA_HOME': '/home/aaa/.sdkman/candidates/java/current', 'PWD': '/home/aaa/myros/assignment2/build/my_package', 'CONTAINER_ID': 'ros2', 'XDG_CONFIG_DIRS': '/etc/xdg', 'XDG_DATA_DIRS': '/home/aaa/.local/share/flatpak/exports/share:/var/lib/flatpak/exports/share:/usr/local/share/:/usr/share/:/var/lib/snapd/desktop:/usr/local/share:/usr/share', 'PYTHONPATH': '/home/aaa/myros/assignment2/build/my_package/prefix_override:/usr/lib/python3/dist-packages/colcon_core/task/python/colcon_distutils_commands:/home/aaa/myros/assignment2/install/my_package/lib/python3.10/site-packages:/opt/ros/humble/lib/python3.10/site-packages:/opt/ros/humble/local/lib/python3.10/dist-packages', 'COLCON': '1', 'MEMORY_PRESSURE_WRITE': 'c29tZSAyMDAwMDAgMjAwMDAwMAA=', 'VTE_VERSION': '7803', 'CMAKE_PREFIX_PATH': '/home/aaa/myros/assignment3/install/cpp_pubsub'}, 'shell': False}
[0.400122] (-) TimerEvent: {}
[0.500335] (-) TimerEvent: {}
[0.509571] (my_package) StdoutLine: {'line': b'running develop\n'}
[0.580866] (my_package) StdoutLine: {'line': b'running egg_info\n'}
[0.581009] (my_package) StdoutLine: {'line': b'creating my_package.egg-info\n'}
[0.581069] (my_package) StdoutLine: {'line': b'writing my_package.egg-info/PKG-INFO\n'}
[0.581172] (my_package) StdoutLine: {'line': b'writing dependency_links to my_package.egg-info/dependency_links.txt\n'}
[0.581278] (my_package) StdoutLine: {'line': b'writing entry points to my_package.egg-info/entry_points.txt\n'}
[0.581341] (my_package) StdoutLine: {'line': b'writing requirements to my_package.egg-info/requires.txt\n'}
[0.581393] (my_package) StdoutLine: {'line': b'writing top-level names to my_package.egg-info/top_level.txt\n'}
[0.581464] (my_package) StdoutLine: {'line': b"writing manifest file 'my_package.egg-info/SOURCES.txt'\n"}
[0.582342] (my_package) StdoutLine: {'line': b"reading manifest file 'my_package.egg-info/SOURCES.txt'\n"}
[0.582653] (my_package) StdoutLine: {'line': b"writing manifest file 'my_package.egg-info/SOURCES.txt'\n"}
[0.583385] (my_package) StdoutLine: {'line': b'running build_ext\n'}
[0.583520] (my_package) StdoutLine: {'line': b'Creating /home/aaa/myros/assignment2/install/my_package/lib/python3.10/site-packages/my-package.egg-link (link to .)\n'}
[0.584003] (my_package) StdoutLine: {'line': b'Installing publisher script to /home/aaa/myros/assignment2/install/my_package/lib/my_package\n'}
[0.584074] (my_package) StdoutLine: {'line': b'Installing subscriber script to /home/aaa/myros/assignment2/install/my_package/lib/my_package\n'}
[0.584155] (my_package) StdoutLine: {'line': b'\n'}
[0.584211] (my_package) StdoutLine: {'line': b'Installed /home/aaa/myros/assignment2/build/my_package\n'}
[0.584300] (my_package) StdoutLine: {'line': b'running symlink_data\n'}
[0.584365] (my_package) StdoutLine: {'line': b'creating /home/aaa/myros/assignment2/install/my_package/share/ament_index\n'}
[0.584412] (my_package) StdoutLine: {'line': b'creating /home/aaa/myros/assignment2/install/my_package/share/ament_index/resource_index\n'}
[0.584458] (my_package) StdoutLine: {'line': b'creating /home/aaa/myros/assignment2/install/my_package/share/ament_index/resource_index/packages\n'}
[0.584509] (my_package) StdoutLine: {'line': b'symbolically linking /home/aaa/myros/assignment2/build/my_package/resource/my_package -> /home/aaa/myros/assignment2/install/my_package/share/ament_index/resource_index/packages\n'}
[0.584580] (my_package) StdoutLine: {'line': b'symbolically linking /home/aaa/myros/assignment2/build/my_package/package.xml -> /home/aaa/myros/assignment2/install/my_package/share/my_package\n'}
[0.599548] (my_package) CommandEnded: {'returncode': 0}
[0.600398] (-) TimerEvent: {}
[0.606216] (my_package) JobEnded: {'identifier': 'my_package', 'rc': 0}
[0.606562] (-) EventReactorShutdown: {}
