[0.364s] Invoking command in '/home/aaa/myros/assignment2/build/my_package': PS1=[\u@\h \W]\$ PYTHONPATH=/home/aaa/myros/assignment2/build/my_package/prefix_override:/usr/lib/python3/dist-packages/colcon_core/task/python/colcon_distutils_commands:/home/aaa/myros/assignment2/install/my_package/lib/python3.10/site-packages:${PYTHONPATH} /usr/bin/python3 -W ignore:setup.py install is deprecated -W ignore:easy_install command is deprecated setup.py develop --editable --build-directory /home/aaa/myros/assignment2/build/my_package/build --no-deps symlink_data
[0.509s] running develop
[0.580s] running egg_info
[0.581s] creating my_package.egg-info
[0.581s] writing my_package.egg-info/PKG-INFO
[0.581s] writing dependency_links to my_package.egg-info/dependency_links.txt
[0.581s] writing entry points to my_package.egg-info/entry_points.txt
[0.581s] writing requirements to my_package.egg-info/requires.txt
[0.581s] writing top-level names to my_package.egg-info/top_level.txt
[0.581s] writing manifest file 'my_package.egg-info/SOURCES.txt'
[0.582s] reading manifest file 'my_package.egg-info/SOURCES.txt'
[0.582s] writing manifest file 'my_package.egg-info/SOURCES.txt'
[0.583s] running build_ext
[0.583s] Creating /home/aaa/myros/assignment2/install/my_package/lib/python3.10/site-packages/my-package.egg-link (link to .)
[0.584s] Installing publisher script to /home/aaa/myros/assignment2/install/my_package/lib/my_package
[0.584s] Installing subscriber script to /home/aaa/myros/assignment2/install/my_package/lib/my_package
[0.584s] 
[0.584s] Installed /home/aaa/myros/assignment2/build/my_package
[0.584s] running symlink_data
[0.584s] creating /home/aaa/myros/assignment2/install/my_package/share/ament_index
[0.584s] creating /home/aaa/myros/assignment2/install/my_package/share/ament_index/resource_index
[0.584s] creating /home/aaa/myros/assignment2/install/my_package/share/ament_index/resource_index/packages
[0.584s] symbolically linking /home/aaa/myros/assignment2/build/my_package/resource/my_package -> /home/aaa/myros/assignment2/install/my_package/share/ament_index/resource_index/packages
[0.584s] symbolically linking /home/aaa/myros/assignment2/build/my_package/package.xml -> /home/aaa/myros/assignment2/install/my_package/share/my_package
[0.599s] Invoked command in '/home/aaa/myros/assignment2/build/my_package' returned '0': PS1=[\u@\h \W]\$ PYTHONPATH=/home/aaa/myros/assignment2/build/my_package/prefix_override:/usr/lib/python3/dist-packages/colcon_core/task/python/colcon_distutils_commands:/home/aaa/myros/assignment2/install/my_package/lib/python3.10/site-packages:${PYTHONPATH} /usr/bin/python3 -W ignore:setup.py install is deprecated -W ignore:easy_install command is deprecated setup.py develop --editable --build-directory /home/aaa/myros/assignment2/build/my_package/build --no-deps symlink_data
